<?xml version="1.0" encoding="UTF-8"?>
<!-- Generated by org.testng.reporters.JUnitXMLReporter -->
<testsuite hostname="BHARATJO04" name="AppiumTest" tests="2" failures="0" timestamp="10 Jun 2014 10:05:11 GMT" time="1.259" errors="0">
  <testcase name="@BeforeClass beforeClass" time="0.0" classname="test.java.TestsForAppium">
    <failure type="java.lang.NullPointerException">
      <![CDATA[java.lang.NullPointerException
	at io.appium.java_client.AppiumDriver.execute(AppiumDriver.java:69)
	at org.openqa.selenium.remote.RemoteWebDriver.startSession(RemoteWebDriver.java:240)
	at org.openqa.selenium.remote.RemoteWebDriver.<init>(RemoteWebDriver.java:126)
	at org.openqa.selenium.remote.RemoteWebDriver.<init>(RemoteWebDriver.java:153)
	at io.appium.java_client.AppiumDriver.<init>(AppiumDriver.java:41)
	at com.amdocs.asap.Driver.fGetWebDriver(Driver.java:834)
	at test.java.TestsForAppium.beforeClass(TestsForAppium.java:95)
... Removed 27 stack frames]]>
    </failure>
  </testcase> <!-- @BeforeClass beforeClass -->
  <testcase name="@BeforeMethod beforeMethod" time="0.0" classname="test.java.TestsForAppium">
    <skipped/>
  </testcase> <!-- @BeforeMethod beforeMethod -->
  <testcase name="@AfterMethod afterMethod" time="0.0" classname="test.java.TestsForAppium">
    <skipped/>
  </testcase> <!-- @AfterMethod afterMethod -->
  <testcase name="@BeforeMethod beforeMethod" time="0.0" classname="test.java.TestsForAppium">
    <skipped/>
  </testcase> <!-- @BeforeMethod beforeMethod -->
  <testcase name="@AfterMethod afterMethod" time="0.0" classname="test.java.TestsForAppium">
    <skipped/>
  </testcase> <!-- @AfterMethod afterMethod -->
  <testcase name="@AfterClass afterClass" time="0.0" classname="test.java.TestsForAppium">
    <skipped/>
  </testcase> <!-- @AfterClass afterClass -->
  <testcase name="testLinkedInSignIn" time="0.0" classname="test.java.TestsForAppium">
    <skipped/>
  </testcase> <!-- testLinkedInSignIn -->
  <testcase name="testTwo" time="0.0" classname="test.java.TestsForAppium">
    <skipped/>
  </testcase> <!-- testTwo -->
</testsuite> <!-- AppiumTest -->
