<?xml version="1.0" encoding="UTF-8"?>
<testng-results skipped="0" failed="0" total="1" passed="1">
  <reporter-output>
  </reporter-output>
  <suite name="Suite" duration-ms="79187" started-at="2014-06-11T12:44:08Z" finished-at="2014-06-11T12:45:27Z">
    <groups>
    </groups>
    <test name="ConsorsWebTest" duration-ms="79187" started-at="2014-06-11T12:44:08Z" finished-at="2014-06-11T12:45:27Z">
      <class name="test.java.TestsForCortalConsorsWeb">
        <test-method status="PASS" signature="beforeClass()[pri:0, instance:test.java.TestsForCortalConsorsWeb@8c436b]" name="beforeClass" is-config="true" duration-ms="8447" started-at="2014-06-11T18:14:08Z" finished-at="2014-06-11T18:14:17Z">
          <reporter-output>
          </reporter-output>
        </test-method> <!-- beforeClass -->
        <test-method status="PASS" signature="beforeMethod(java.lang.reflect.Method)[pri:0, instance:test.java.TestsForCortalConsorsWeb@8c436b]" name="beforeMethod" is-config="true" duration-ms="164" started-at="2014-06-11T18:14:17Z" finished-at="2014-06-11T18:14:17Z">
          <params>
            <param index="0">
              <value>
                <![CDATA[public void test.java.TestsForCortalConsorsWeb.testConsorsPOC()]]>
              </value>
            </param>
          </params>
          <reporter-output>
          </reporter-output>
        </test-method> <!-- beforeMethod -->
        <test-method status="PASS" signature="testConsorsPOC()[pri:0, instance:test.java.TestsForCortalConsorsWeb@8c436b]" name="testConsorsPOC" duration-ms="68883" started-at="2014-06-11T18:14:17Z" finished-at="2014-06-11T18:15:26Z">
          <reporter-output>
          </reporter-output>
        </test-method> <!-- testConsorsPOC -->
        <test-method status="PASS" signature="afterMethod(java.lang.reflect.Method)[pri:0, instance:test.java.TestsForCortalConsorsWeb@8c436b]" name="afterMethod" is-config="true" duration-ms="385" started-at="2014-06-11T18:15:26Z" finished-at="2014-06-11T18:15:26Z">
          <params>
            <param index="0">
              <value>
                <![CDATA[public void test.java.TestsForCortalConsorsWeb.testConsorsPOC()]]>
              </value>
            </param>
          </params>
          <reporter-output>
          </reporter-output>
        </test-method> <!-- afterMethod -->
        <test-method status="PASS" signature="afterClass()[pri:0, instance:test.java.TestsForCortalConsorsWeb@8c436b]" name="afterClass" is-config="true" duration-ms="1276" started-at="2014-06-11T18:15:26Z" finished-at="2014-06-11T18:15:27Z">
          <reporter-output>
          </reporter-output>
        </test-method> <!-- afterClass -->
      </class> <!-- test.java.TestsForCortalConsorsWeb -->
    </test> <!-- ConsorsWebTest -->
  </suite> <!-- Suite -->
</testng-results>
